Arguments: 
  /usr/bin/node /home/roger/.yarn/lib/cli.js add gatsby-transformer-sharp gatsby-plugin-images gatsby-plugin-sharp gatsby-plugin-manifest gatsby-plugin-sentry

PATH: 
  /home/roger/.yarn/bin:/home/roger/.config/yarn/global/node_modules/.bin:/home/roger/miniconda3/condabin:/home/roger/.local/bin:/usr/local/bin:/usr/bin:/bin:/usr/local/sbin:/usr/bin/site_perl:/usr/bin/vendor_perl:/usr/bin/core_perl

Yarn version: 
  1.22.17

Node version: 
  17.6.0

Platform: 
  linux x64

Trace: 
  Error: https://registry.yarnpkg.com/gatsby-plugin-images: Not found
      at Request.params.callback [as _callback] (/home/roger/.yarn/lib/cli.js:67029:18)
      at Request.self.callback (/home/roger/.yarn/lib/cli.js:140883:22)
      at Request.emit (node:events:527:28)
      at Request.<anonymous> (/home/roger/.yarn/lib/cli.js:141855:10)
      at Request.emit (node:events:527:28)
      at IncomingMessage.<anonymous> (/home/roger/.yarn/lib/cli.js:141777:12)
      at Object.onceWrapper (node:events:641:28)
      at IncomingMessage.emit (node:events:539:35)
      at endReadableNT (node:internal/streams/readable:1342:12)
      at processTicksAndRejections (node:internal/process/task_queues:83:21)

npm manifest: 
  {
    "name": "gatsby-theme-iterative-docs",
    "version": "0.0.1",
    "description": "",
    "main": "index.js",
    "scripts": {
      "lint-ts": "tsc --noEmit --skipLibCheck && eslint --ext .json,.js,.ts,.tsx ."
    },
    "author": "",
    "license": "MIT",
    "dependencies": {
      "@reach/portal": "^0.16.2",
      "@reach/router": "^1.3.4",
      "@svgr/webpack": "^6.2.1",
      "autoprefixer": "^10.4.2",
      "classnames": "^2.3.1",
      "ease-component": "^1.0.0",
      "esm": "^3.2.25",
      "gatsby-plugin-image": "^2.8.0",
      "gatsby-plugin-manifest": "^4.8.0",
      "gatsby-plugin-postcss": "^5.8.0",
      "gatsby-plugin-react-helmet": "^5.8.0",
      "gatsby-plugin-sentry": "^1.0.1",
      "gatsby-plugin-sharp": "^4.8.0",
      "gatsby-plugin-sitemap": "^5.8.0",
      "gatsby-plugin-svgr": "^3.0.0-beta.0",
      "gatsby-remark-autolink-headers": "^5.8.0",
      "gatsby-remark-copy-linked-files": "^5.8.0",
      "gatsby-remark-embed-gist": "^1.2.1",
      "gatsby-remark-embedder": "^5.0.0",
      "gatsby-remark-external-links": "^0.0.4",
      "gatsby-remark-images": "^6.8.0",
      "gatsby-remark-prismjs": "^6.8.0",
      "gatsby-remark-relative-images": "^2.0.2",
      "gatsby-remark-responsive-iframe": "^5.8.0",
      "gatsby-remark-smartypants": "^5.8.0",
      "gatsby-source-filesystem": "^4.8.0",
      "gatsby-transformer-remark": "^5.8.0",
      "github-markdown-css": "^5.1.0",
      "github-slugger": "^1.4.0",
      "iso-url": "^1.2.1",
      "isomorphic-fetch": "^3.0.0",
      "lodash": "^4.17.21",
      "nanoid": "^3.3.1",
      "perfect-scrollbar": "^1.5.5",
      "postcss-color-mod-function": "^3.0.3",
      "postcss-custom-media": "^8.0.0",
      "postcss-custom-properties": "^12.1.4",
      "postcss-mixins": "^9.0.1",
      "postcss-nested": "^5.0.6",
      "prismjs": "^1.27.0",
      "promise-polyfill": "^8.2.1",
      "react-collapse": "^5.1.1",
      "react-collapsible": "^2.8.4",
      "react-helmet": "^6.1.0",
      "react-use": "^17.3.2",
      "rehype-react": "^7.0.4",
      "remark": "^14.0.2",
      "remark-html": "^15.0.1",
      "remark-preset-lint-recommended": "^6.1.2",
      "reset-css": "^5.0.1",
      "scroll": "^3.0.1",
      "title-case": "^3.0.3"
    },
    "devDependencies": {
      "@types/unist": "^2.0.6",
      "typescript": "^4.5.5"
    },
    "peerDependencies": {
      "gatsby": "^4.7.1",
      "react": "^17.0.2"
    }
  }

yarn manifest: 
  No manifest

Lockfile: 
  No lockfile
